<?xml version="1.0" encoding="UTF-8"?>
<!-- Generated by org.testng.reporters.JUnitXMLReporter -->
<testsuite hostname="DESKTOP-NFSQ4FH" ignored="0" name="Facebook" tests="1" failures="0" timestamp="12 Oct 2020 16:14:39 GMT" time="0.081" errors="0">
  <testcase name="@BeforeMethod beforeMethod" time="0.0" classname="Runner.FrameworkClass">
    <failure type="java.lang.NullPointerException">
      <![CDATA[java.lang.NullPointerException
	at Runner.FrameworkClass.beforeMethod(FrameworkClass.java:67)
	at java.util.concurrent.FutureTask.run(Unknown Source)
	at java.util.concurrent.ThreadPoolExecutor.runWorker(Unknown Source)
	at java.util.concurrent.ThreadPoolExecutor$Worker.run(Unknown Source)
	at java.lang.Thread.run(Unknown Source)
... Removed 18 stack frames]]>
    </failure>
  </testcase> <!-- @BeforeMethod beforeMethod -->
  <testcase name="@AfterMethod afterMethod" time="0.0" classname="Runner.FrameworkClass">
    <skipped/>
  </testcase> <!-- @AfterMethod afterMethod -->
  <testcase name="Search" time="0.006" classname="Runner.Runner">
    <skipped/>
  </testcase> <!-- Search -->
</testsuite> <!-- Facebook -->
