<?xml version="1.0" encoding="UTF-8"?>
<!-- Generated by org.testng.reporters.JUnitXMLReporter -->
<testsuite hostname="DESKTOP-NFSQ4FH" ignored="0" name="Test" tests="6" failures="0" timestamp="12 Oct 2020 17:40:54 GMT" time="0.168" errors="0">
  <testcase name="test4" time="0.065" classname="Runner.ParallelTest2"/>
  <testcase name="test1" time="0.068" classname="Runner.ParallelTest"/>
  <testcase name="test2" time="0.005" classname="Runner.ParallelTest"/>
  <testcase name="test5" time="0.013" classname="Runner.ParallelTest2"/>
  <testcase name="test3" time="0.007" classname="Runner.ParallelTest"/>
  <testcase name="test6" time="0.008" classname="Runner.ParallelTest2"/>
</testsuite> <!-- Test -->
