<?xml version="1.0" encoding="UTF-8"?>
<!-- Generated by org.testng.reporters.JUnitXMLReporter -->
<testsuite hostname="DESKTOP-NFSQ4FH" ignored="0" name="Test(failed)" tests="1" failures="1" timestamp="2021-01-16T23:46:53 IST" time="11.454" errors="0">
  <testcase name="searchIpad" time="7.802" classname="Runner.Runner">
    <failure type="java.lang.NoClassDefFoundError" message="org/openqa/selenium/internal/Require">
      <![CDATA[java.lang.NoClassDefFoundError: org/openqa/selenium/internal/Require
at org.openqa.selenium.support.ui.FluentWait.<init>(FluentWait.java:100)
at org.openqa.selenium.support.ui.WebDriverWait.<init>(WebDriverWait.java:128)
at org.openqa.selenium.support.ui.WebDriverWait.<init>(WebDriverWait.java:61)
at Runner.Library.waitElement(Library.java:215)
at Runner.BusinessFunctions.searchProduct(BusinessFunctions.java:26)
at Runner.Runner.searchIpad(Runner.java:14)
at java.util.ArrayList.forEach(Unknown Source)
at Runner.FrameworkClass.afterSuite(FrameworkClass.java:105)
at Runner.FrameworkClass.afterSuite(FrameworkClass.java:105)
... Removed 59 stack frames]]>
    </failure>
  </testcase> <!-- searchIpad -->
</testsuite> <!-- Test(failed) -->
