<?xml version="1.0" encoding="UTF-8"?>
<testng-results skipped="0" failed="0" ignored="0" total="1" passed="1">
  <reporter-output>
  </reporter-output>
  <suite name="Default suite" duration-ms="10177" started-at="2020-10-11T16:41:04Z" finished-at="2020-10-11T16:41:14Z">
    <groups>
    </groups>
    <test name="Default test" duration-ms="10177" started-at="2020-10-11T16:41:04Z" finished-at="2020-10-11T16:41:14Z">
      <class name="Runner.Runner">
        <test-method status="PASS" signature="beforeSuite()[pri:0, instance:Runner.Runner@3d299e3]" name="beforeSuite" is-config="true" duration-ms="225" started-at="2020-10-11T22:11:03Z" finished-at="2020-10-11T22:11:04Z">
          <reporter-output>
          </reporter-output>
        </test-method> <!-- beforeSuite -->
        <test-method status="PASS" signature="beforeMethod(java.lang.reflect.Method)[pri:0, instance:Runner.Runner@3d299e3]" name="beforeMethod" is-config="true" duration-ms="2491" started-at="2020-10-11T22:11:04Z" finished-at="2020-10-11T22:11:06Z">
          <params>
            <param index="0">
              <value>
                <![CDATA[public void Runner.Runner.Search()]]>
              </value>
            </param>
          </params>
          <reporter-output>
          </reporter-output>
        </test-method> <!-- beforeMethod -->
        <test-method status="PASS" signature="Search()[pri:0, instance:Runner.Runner@3d299e3]" name="Search" duration-ms="5480" started-at="2020-10-11T22:11:06Z" finished-at="2020-10-11T22:11:12Z">
          <reporter-output>
          </reporter-output>
        </test-method> <!-- Search -->
        <test-method status="PASS" signature="afterMethod(org.testng.ITestResult)[pri:0, instance:Runner.Runner@3d299e3]" name="afterMethod" is-config="true" duration-ms="2182" started-at="2020-10-11T22:11:12Z" finished-at="2020-10-11T22:11:14Z">
          <params>
            <param index="0">
              <value>
                <![CDATA[[TestResult name=Search status=SUCCESS method=Runner.Search()[pri:0, instance:Runner.Runner@3d299e3] output={null}]]]>
              </value>
            </param>
          </params>
          <reporter-output>
          </reporter-output>
        </test-method> <!-- afterMethod -->
        <test-method status="PASS" signature="afterSuite()[pri:0, instance:Runner.Runner@3d299e3]" name="afterSuite" is-config="true" duration-ms="0" started-at="2020-10-11T22:11:14Z" finished-at="2020-10-11T22:11:14Z">
          <reporter-output>
          </reporter-output>
        </test-method> <!-- afterSuite -->
      </class> <!-- Runner.Runner -->
    </test> <!-- Default test -->
  </suite> <!-- Default suite -->
</testng-results>
