<?xml version="1.0" encoding="UTF-8"?>
<testng-results skipped="0" failed="0" ignored="0" total="1" passed="1">
  <reporter-output>
  </reporter-output>
  <suite name="Suite" duration-ms="19736" started-at="2021-01-17T21:38:25 IST" finished-at="2021-01-17T21:38:45 IST">
    <groups>
    </groups>
    <test name="Test" duration-ms="19736" started-at="2021-01-17T21:38:25 IST" finished-at="2021-01-17T21:38:45 IST">
      <class name="Runner.Runner">
        <test-method status="PASS" signature="beforeSuite()[pri:0, instance:Runner.Runner@120d6fe6]" name="beforeSuite" is-config="true" duration-ms="1084" started-at="2021-01-17T21:38:24 IST" finished-at="2021-01-17T21:38:25 IST">
          <reporter-output>
          </reporter-output>
        </test-method> <!-- beforeSuite -->
        <test-method status="PASS" signature="beforeTest()[pri:0, instance:Runner.Runner@120d6fe6]" name="beforeTest" is-config="true" duration-ms="12" started-at="2021-01-17T21:38:25 IST" finished-at="2021-01-17T21:38:25 IST">
          <reporter-output>
          </reporter-output>
        </test-method> <!-- beforeTest -->
        <test-method status="PASS" signature="beforeMethod(java.lang.reflect.Method)[pri:0, instance:Runner.Runner@120d6fe6]" name="beforeMethod" is-config="true" duration-ms="2998" started-at="2021-01-17T21:38:25 IST" finished-at="2021-01-17T21:38:28 IST">
          <params>
            <param index="0">
              <value>
                <![CDATA[public void Runner.Runner.searchIpad()]]>
              </value>
            </param>
          </params>
          <reporter-output>
          </reporter-output>
        </test-method> <!-- beforeMethod -->
        <test-method status="PASS" signature="searchIpad()[pri:0, instance:Runner.Runner@120d6fe6]" name="searchIpad" duration-ms="14483" started-at="2021-01-17T21:38:28 IST" finished-at="2021-01-17T21:38:43 IST">
          <reporter-output>
          </reporter-output>
        </test-method> <!-- searchIpad -->
        <test-method status="PASS" signature="afterMethod(org.testng.ITestResult)[pri:0, instance:Runner.Runner@120d6fe6]" name="afterMethod" is-config="true" duration-ms="2196" started-at="2021-01-17T21:38:43 IST" finished-at="2021-01-17T21:38:45 IST">
          <params>
            <param index="0">
              <value>
                <![CDATA[[TestResult name=searchIpad status=SUCCESS method=Runner.searchIpad()[pri:0, instance:Runner.Runner@120d6fe6] output={null}]]]>
              </value>
            </param>
          </params>
          <reporter-output>
          </reporter-output>
        </test-method> <!-- afterMethod -->
        <test-method status="PASS" signature="afterSuite()[pri:0, instance:Runner.Runner@120d6fe6]" name="afterSuite" is-config="true" duration-ms="0" started-at="2021-01-17T21:38:45 IST" finished-at="2021-01-17T21:38:45 IST">
          <reporter-output>
          </reporter-output>
        </test-method> <!-- afterSuite -->
      </class> <!-- Runner.Runner -->
    </test> <!-- Test -->
  </suite> <!-- Suite -->
</testng-results>
