<?xml version="1.0" encoding="UTF-8"?>
<testng-results skipped="0" failed="0" ignored="0" total="2" passed="2">
  <reporter-output>
  </reporter-output>
  <suite name="Suite" duration-ms="27765" started-at="2020-10-14T01:11:48 IST" finished-at="2020-10-14T01:12:16 IST">
    <groups>
    </groups>
    <test name="Test" duration-ms="27765" started-at="2020-10-14T01:11:48 IST" finished-at="2020-10-14T01:12:16 IST">
      <class name="Runner.Runner">
        <test-method status="PASS" signature="beforeSuite()[pri:0, instance:Runner.Runner@6a79c292]" name="beforeSuite" is-config="true" duration-ms="1099" started-at="2020-10-14T01:11:47 IST" finished-at="2020-10-14T01:11:48 IST">
          <reporter-output>
          </reporter-output>
        </test-method> <!-- beforeSuite -->
        <test-method status="PASS" signature="beforeTest()[pri:0, instance:Runner.Runner@6a79c292]" name="beforeTest" is-config="true" duration-ms="7" started-at="2020-10-14T01:11:48 IST" finished-at="2020-10-14T01:11:48 IST">
          <reporter-output>
          </reporter-output>
        </test-method> <!-- beforeTest -->
        <test-method status="PASS" signature="beforeMethod(java.lang.reflect.Method)[pri:0, instance:Runner.Runner@6a79c292]" name="beforeMethod" is-config="true" duration-ms="2874" started-at="2020-10-14T01:11:48 IST" finished-at="2020-10-14T01:11:51 IST">
          <params>
            <param index="0">
              <value>
                <![CDATA[public void Runner.Runner.searchIpad()]]>
              </value>
            </param>
          </params>
          <reporter-output>
          </reporter-output>
        </test-method> <!-- beforeMethod -->
        <test-method status="PASS" signature="searchIpad()[pri:0, instance:Runner.Runner@6a79c292]" name="searchIpad" duration-ms="7925" started-at="2020-10-14T01:11:51 IST" finished-at="2020-10-14T01:11:59 IST">
          <reporter-output>
          </reporter-output>
        </test-method> <!-- searchIpad -->
        <test-method status="PASS" signature="afterMethod(org.testng.ITestResult)[pri:0, instance:Runner.Runner@6a79c292]" name="afterMethod" is-config="true" duration-ms="1554" started-at="2020-10-14T01:11:59 IST" finished-at="2020-10-14T01:12:01 IST">
          <params>
            <param index="0">
              <value>
                <![CDATA[[TestResult name=searchIpad status=SUCCESS method=Runner.searchIpad()[pri:0, instance:Runner.Runner@6a79c292] output={null}]]]>
              </value>
            </param>
          </params>
          <reporter-output>
          </reporter-output>
        </test-method> <!-- afterMethod -->
        <test-method status="PASS" signature="beforeMethod(java.lang.reflect.Method)[pri:0, instance:Runner.Runner@6a79c292]" name="beforeMethod" is-config="true" duration-ms="1919" started-at="2020-10-14T01:12:01 IST" finished-at="2020-10-14T01:12:03 IST">
          <params>
            <param index="0">
              <value>
                <![CDATA[public void Runner.Runner.searchLaptop()]]>
              </value>
            </param>
          </params>
          <reporter-output>
          </reporter-output>
        </test-method> <!-- beforeMethod -->
        <test-method status="PASS" signature="searchLaptop()[pri:0, instance:Runner.Runner@6a79c292]" name="searchLaptop" duration-ms="12405" started-at="2020-10-14T01:12:03 IST" finished-at="2020-10-14T01:12:15 IST">
          <reporter-output>
          </reporter-output>
        </test-method> <!-- searchLaptop -->
        <test-method status="PASS" signature="afterMethod(org.testng.ITestResult)[pri:0, instance:Runner.Runner@6a79c292]" name="afterMethod" is-config="true" duration-ms="1016" started-at="2020-10-14T01:12:15 IST" finished-at="2020-10-14T01:12:16 IST">
          <params>
            <param index="0">
              <value>
                <![CDATA[[TestResult name=searchLaptop status=SUCCESS method=Runner.searchLaptop()[pri:0, instance:Runner.Runner@6a79c292] output={null}]]]>
              </value>
            </param>
          </params>
          <reporter-output>
          </reporter-output>
        </test-method> <!-- afterMethod -->
        <test-method status="PASS" signature="afterSuite()[pri:0, instance:Runner.Runner@6a79c292]" name="afterSuite" is-config="true" duration-ms="1" started-at="2020-10-14T01:12:16 IST" finished-at="2020-10-14T01:12:16 IST">
          <reporter-output>
          </reporter-output>
        </test-method> <!-- afterSuite -->
      </class> <!-- Runner.Runner -->
    </test> <!-- Test -->
  </suite> <!-- Suite -->
</testng-results>
