<?xml version="1.0" encoding="UTF-8"?>
<testng-results skipped="0" failed="0" ignored="0" total="6" passed="6">
  <reporter-output>
  </reporter-output>
  <suite name="Suite" duration-ms="114" started-at="2020-10-12T17:42:25Z" finished-at="2020-10-12T17:42:25Z">
    <groups>
    </groups>
    <test name="Test1" duration-ms="106" started-at="2020-10-12T17:42:25Z" finished-at="2020-10-12T17:42:25Z">
      <class name="Runner.ParallelTest">
        <test-method status="PASS" signature="test1()[pri:0, instance:Runner.ParallelTest@5ef60048]" name="test1" duration-ms="20" started-at="2020-10-12T23:12:25Z" finished-at="2020-10-12T23:12:25Z">
          <reporter-output>
          </reporter-output>
        </test-method> <!-- test1 -->
        <test-method status="PASS" signature="test2()[pri:0, instance:Runner.ParallelTest@5ef60048]" name="test2" duration-ms="3" started-at="2020-10-12T23:12:25Z" finished-at="2020-10-12T23:12:25Z">
          <reporter-output>
          </reporter-output>
        </test-method> <!-- test2 -->
        <test-method status="PASS" signature="test3()[pri:0, instance:Runner.ParallelTest@5ef60048]" name="test3" duration-ms="8" started-at="2020-10-12T23:12:25Z" finished-at="2020-10-12T23:12:25Z">
          <reporter-output>
          </reporter-output>
        </test-method> <!-- test3 -->
      </class> <!-- Runner.ParallelTest -->
    </test> <!-- Test1 -->
    <test name="Test2" duration-ms="114" started-at="2020-10-12T17:42:25Z" finished-at="2020-10-12T17:42:25Z">
      <class name="Runner.ParallelTest2">
        <test-method status="PASS" signature="test4()[pri:0, instance:Runner.ParallelTest2@6295d394]" name="test4" duration-ms="19" started-at="2020-10-12T23:12:25Z" finished-at="2020-10-12T23:12:25Z">
          <reporter-output>
          </reporter-output>
        </test-method> <!-- test4 -->
        <test-method status="PASS" signature="test5()[pri:0, instance:Runner.ParallelTest2@6295d394]" name="test5" duration-ms="27" started-at="2020-10-12T23:12:25Z" finished-at="2020-10-12T23:12:25Z">
          <reporter-output>
          </reporter-output>
        </test-method> <!-- test5 -->
        <test-method status="PASS" signature="test6()[pri:0, instance:Runner.ParallelTest2@6295d394]" name="test6" duration-ms="4" started-at="2020-10-12T23:12:25Z" finished-at="2020-10-12T23:12:25Z">
          <reporter-output>
          </reporter-output>
        </test-method> <!-- test6 -->
      </class> <!-- Runner.ParallelTest2 -->
    </test> <!-- Test2 -->
  </suite> <!-- Suite -->
</testng-results>
